2023-01-11 04:52:51 notice: Uninitialized string offset: 0
Request URL: /users
Referer URL: http://localhost:8765/users/add
Client IP: 127.0.0.1
Trace:
Cake\Routing\Asset::url() /var/www/html/crud/vendor/cakephp/cakephp/src/Routing/Asset.php, line 159
Cake\Routing\Asset::imageUrl() /var/www/html/crud/vendor/cakephp/cakephp/src/Routing/Asset.php, line 68
Cake\View\Helper\UrlHelper::image() /var/www/html/crud/vendor/cakephp/cakephp/src/View/Helper/UrlHelper.php, line 141
Cake\View\Helper\HtmlHelper::image() /var/www/html/crud/vendor/cakephp/cakephp/src/View/Helper/HtmlHelper.php, line 657
include /var/www/html/crud/templates/Users/index.php, line 34
Cake\View\View::_evaluate() /var/www/html/crud/vendor/cakephp/cakephp/src/View/View.php, line 1220
Cake\View\View::_render() /var/www/html/crud/vendor/cakephp/cakephp/src/View/View.php, line 1177
Cake\View\View::render() /var/www/html/crud/vendor/cakephp/cakephp/src/View/View.php, line 808
Cake\Controller\Controller::render() /var/www/html/crud/vendor/cakephp/cakephp/src/Controller/Controller.php, line 773
Cake\Controller\Controller::invokeAction() /var/www/html/crud/vendor/cakephp/cakephp/src/Controller/Controller.php, line 556
Cake\Controller\ControllerFactory::handle() /var/www/html/crud/vendor/cakephp/cakephp/src/Controller/ControllerFactory.php, line 139
Cake\Controller\ControllerFactory::invoke() /var/www/html/crud/vendor/cakephp/cakephp/src/Controller/ControllerFactory.php, line 114
Cake\Http\BaseApplication::handle() /var/www/html/crud/vendor/cakephp/cakephp/src/Http/BaseApplication.php, line 320
Cake\Http\Runner::handle() /var/www/html/crud/vendor/cakephp/cakephp/src/Http/Runner.php, line 77
Cake\Http\Middleware\CsrfProtectionMiddleware::process() /var/www/html/crud/vendor/cakephp/cakephp/src/Http/Middleware/CsrfProtectionMiddleware.php, line 174
Cake\Http\Runner::handle() /var/www/html/crud/vendor/cakephp/cakephp/src/Http/Runner.php, line 73
Cake\Http\Middleware\BodyParserMiddleware::process() /var/www/html/crud/vendor/cakephp/cakephp/src/Http/Middleware/BodyParserMiddleware.php, line 157
Cake\Http\Runner::handle() /var/www/html/crud/vendor/cakephp/cakephp/src/Http/Runner.php, line 73
Cake\Routing\Middleware\RoutingMiddleware::process() /var/www/html/crud/vendor/cakephp/cakephp/src/Routing/Middleware/RoutingMiddleware.php, line 186
Cake\Http\Runner::handle() /var/www/html/crud/vendor/cakephp/cakephp/src/Http/Runner.php, line 73
Cake\Routing\Middleware\AssetMiddleware::process() /var/www/html/crud/vendor/cakephp/cakephp/src/Routing/Middleware/AssetMiddleware.php, line 68
Cake\Http\Runner::handle() /var/www/html/crud/vendor/cakephp/cakephp/src/Http/Runner.php, line 73
Cake\Error\Middleware\ErrorHandlerMiddleware::process() /var/www/html/crud/vendor/cakephp/cakephp/src/Error/Middleware/ErrorHandlerMiddleware.php, line 131
Cake\Http\Runner::handle() /var/www/html/crud/vendor/cakephp/cakephp/src/Http/Runner.php, line 73
DebugKit\Middleware\DebugKitMiddleware::process() /var/www/html/crud/vendor/cakephp/debug_kit/src/Middleware/DebugKitMiddleware.php, line 60
Cake\Http\Runner::handle() /var/www/html/crud/vendor/cakephp/cakephp/src/Http/Runner.php, line 73
Cake\Http\Runner::run() /var/www/html/crud/vendor/cakephp/cakephp/src/Http/Runner.php, line 58
Cake\Http\Server::run() /var/www/html/crud/vendor/cakephp/cakephp/src/Http/Server.php, line 90
[main] /var/www/html/crud/webroot/index.php, line 40

2023-01-11 04:52:51 notice: Uninitialized string offset: 0
Request URL: /users
Referer URL: http://localhost:8765/users/add
Client IP: 127.0.0.1
Trace:
Cake\Routing\Asset::url() /var/www/html/crud/vendor/cakephp/cakephp/src/Routing/Asset.php, line 159
Cake\Routing\Asset::imageUrl() /var/www/html/crud/vendor/cakephp/cakephp/src/Routing/Asset.php, line 68
Cake\View\Helper\UrlHelper::image() /var/www/html/crud/vendor/cakephp/cakephp/src/View/Helper/UrlHelper.php, line 141
Cake\View\Helper\HtmlHelper::image() /var/www/html/crud/vendor/cakephp/cakephp/src/View/Helper/HtmlHelper.php, line 657
include /var/www/html/crud/templates/Users/index.php, line 34
Cake\View\View::_evaluate() /var/www/html/crud/vendor/cakephp/cakephp/src/View/View.php, line 1220
Cake\View\View::_render() /var/www/html/crud/vendor/cakephp/cakephp/src/View/View.php, line 1177
Cake\View\View::render() /var/www/html/crud/vendor/cakephp/cakephp/src/View/View.php, line 808
Cake\Controller\Controller::render() /var/www/html/crud/vendor/cakephp/cakephp/src/Controller/Controller.php, line 773
Cake\Controller\Controller::invokeAction() /var/www/html/crud/vendor/cakephp/cakephp/src/Controller/Controller.php, line 556
Cake\Controller\ControllerFactory::handle() /var/www/html/crud/vendor/cakephp/cakephp/src/Controller/ControllerFactory.php, line 139
Cake\Controller\ControllerFactory::invoke() /var/www/html/crud/vendor/cakephp/cakephp/src/Controller/ControllerFactory.php, line 114
Cake\Http\BaseApplication::handle() /var/www/html/crud/vendor/cakephp/cakephp/src/Http/BaseApplication.php, line 320
Cake\Http\Runner::handle() /var/www/html/crud/vendor/cakephp/cakephp/src/Http/Runner.php, line 77
Cake\Http\Middleware\CsrfProtectionMiddleware::process() /var/www/html/crud/vendor/cakephp/cakephp/src/Http/Middleware/CsrfProtectionMiddleware.php, line 174
Cake\Http\Runner::handle() /var/www/html/crud/vendor/cakephp/cakephp/src/Http/Runner.php, line 73
Cake\Http\Middleware\BodyParserMiddleware::process() /var/www/html/crud/vendor/cakephp/cakephp/src/Http/Middleware/BodyParserMiddleware.php, line 157
Cake\Http\Runner::handle() /var/www/html/crud/vendor/cakephp/cakephp/src/Http/Runner.php, line 73
Cake\Routing\Middleware\RoutingMiddleware::process() /var/www/html/crud/vendor/cakephp/cakephp/src/Routing/Middleware/RoutingMiddleware.php, line 186
Cake\Http\Runner::handle() /var/www/html/crud/vendor/cakephp/cakephp/src/Http/Runner.php, line 73
Cake\Routing\Middleware\AssetMiddleware::process() /var/www/html/crud/vendor/cakephp/cakephp/src/Routing/Middleware/AssetMiddleware.php, line 68
Cake\Http\Runner::handle() /var/www/html/crud/vendor/cakephp/cakephp/src/Http/Runner.php, line 73
Cake\Error\Middleware\ErrorHandlerMiddleware::process() /var/www/html/crud/vendor/cakephp/cakephp/src/Error/Middleware/ErrorHandlerMiddleware.php, line 131
Cake\Http\Runner::handle() /var/www/html/crud/vendor/cakephp/cakephp/src/Http/Runner.php, line 73
DebugKit\Middleware\DebugKitMiddleware::process() /var/www/html/crud/vendor/cakephp/debug_kit/src/Middleware/DebugKitMiddleware.php, line 60
Cake\Http\Runner::handle() /var/www/html/crud/vendor/cakephp/cakephp/src/Http/Runner.php, line 73
Cake\Http\Runner::run() /var/www/html/crud/vendor/cakephp/cakephp/src/Http/Runner.php, line 58
Cake\Http\Server::run() /var/www/html/crud/vendor/cakephp/cakephp/src/Http/Server.php, line 90
[main] /var/www/html/crud/webroot/index.php, line 40

2023-01-11 04:52:51 notice: Uninitialized string offset: 0
Request URL: /users
Referer URL: http://localhost:8765/users/add
Client IP: 127.0.0.1
Trace:
Cake\Routing\Asset::url() /var/www/html/crud/vendor/cakephp/cakephp/src/Routing/Asset.php, line 159
Cake\Routing\Asset::imageUrl() /var/www/html/crud/vendor/cakephp/cakephp/src/Routing/Asset.php, line 68
Cake\View\Helper\UrlHelper::image() /var/www/html/crud/vendor/cakephp/cakephp/src/View/Helper/UrlHelper.php, line 141
Cake\View\Helper\HtmlHelper::image() /var/www/html/crud/vendor/cakephp/cakephp/src/View/Helper/HtmlHelper.php, line 657
include /var/www/html/crud/templates/Users/index.php, line 34
Cake\View\View::_evaluate() /var/www/html/crud/vendor/cakephp/cakephp/src/View/View.php, line 1220
Cake\View\View::_render() /var/www/html/crud/vendor/cakephp/cakephp/src/View/View.php, line 1177
Cake\View\View::render() /var/www/html/crud/vendor/cakephp/cakephp/src/View/View.php, line 808
Cake\Controller\Controller::render() /var/www/html/crud/vendor/cakephp/cakephp/src/Controller/Controller.php, line 773
Cake\Controller\Controller::invokeAction() /var/www/html/crud/vendor/cakephp/cakephp/src/Controller/Controller.php, line 556
Cake\Controller\ControllerFactory::handle() /var/www/html/crud/vendor/cakephp/cakephp/src/Controller/ControllerFactory.php, line 139
Cake\Controller\ControllerFactory::invoke() /var/www/html/crud/vendor/cakephp/cakephp/src/Controller/ControllerFactory.php, line 114
Cake\Http\BaseApplication::handle() /var/www/html/crud/vendor/cakephp/cakephp/src/Http/BaseApplication.php, line 320
Cake\Http\Runner::handle() /var/www/html/crud/vendor/cakephp/cakephp/src/Http/Runner.php, line 77
Cake\Http\Middleware\CsrfProtectionMiddleware::process() /var/www/html/crud/vendor/cakephp/cakephp/src/Http/Middleware/CsrfProtectionMiddleware.php, line 174
Cake\Http\Runner::handle() /var/www/html/crud/vendor/cakephp/cakephp/src/Http/Runner.php, line 73
Cake\Http\Middleware\BodyParserMiddleware::process() /var/www/html/crud/vendor/cakephp/cakephp/src/Http/Middleware/BodyParserMiddleware.php, line 157
Cake\Http\Runner::handle() /var/www/html/crud/vendor/cakephp/cakephp/src/Http/Runner.php, line 73
Cake\Routing\Middleware\RoutingMiddleware::process() /var/www/html/crud/vendor/cakephp/cakephp/src/Routing/Middleware/RoutingMiddleware.php, line 186
Cake\Http\Runner::handle() /var/www/html/crud/vendor/cakephp/cakephp/src/Http/Runner.php, line 73
Cake\Routing\Middleware\AssetMiddleware::process() /var/www/html/crud/vendor/cakephp/cakephp/src/Routing/Middleware/AssetMiddleware.php, line 68
Cake\Http\Runner::handle() /var/www/html/crud/vendor/cakephp/cakephp/src/Http/Runner.php, line 73
Cake\Error\Middleware\ErrorHandlerMiddleware::process() /var/www/html/crud/vendor/cakephp/cakephp/src/Error/Middleware/ErrorHandlerMiddleware.php, line 131
Cake\Http\Runner::handle() /var/www/html/crud/vendor/cakephp/cakephp/src/Http/Runner.php, line 73
DebugKit\Middleware\DebugKitMiddleware::process() /var/www/html/crud/vendor/cakephp/debug_kit/src/Middleware/DebugKitMiddleware.php, line 60
Cake\Http\Runner::handle() /var/www/html/crud/vendor/cakephp/cakephp/src/Http/Runner.php, line 73
Cake\Http\Runner::run() /var/www/html/crud/vendor/cakephp/cakephp/src/Http/Runner.php, line 58
Cake\Http\Server::run() /var/www/html/crud/vendor/cakephp/cakephp/src/Http/Server.php, line 90
[main] /var/www/html/crud/webroot/index.php, line 40

2023-01-11 04:52:51 notice: Uninitialized string offset: 0
Request URL: /users
Referer URL: http://localhost:8765/users/add
Client IP: 127.0.0.1
Trace:
Cake\Routing\Asset::url() /var/www/html/crud/vendor/cakephp/cakephp/src/Routing/Asset.php, line 159
Cake\Routing\Asset::imageUrl() /var/www/html/crud/vendor/cakephp/cakephp/src/Routing/Asset.php, line 68
Cake\View\Helper\UrlHelper::image() /var/www/html/crud/vendor/cakephp/cakephp/src/View/Helper/UrlHelper.php, line 141
Cake\View\Helper\HtmlHelper::image() /var/www/html/crud/vendor/cakephp/cakephp/src/View/Helper/HtmlHelper.php, line 657
include /var/www/html/crud/templates/Users/index.php, line 34
Cake\View\View::_evaluate() /var/www/html/crud/vendor/cakephp/cakephp/src/View/View.php, line 1220
Cake\View\View::_render() /var/www/html/crud/vendor/cakephp/cakephp/src/View/View.php, line 1177
Cake\View\View::render() /var/www/html/crud/vendor/cakephp/cakephp/src/View/View.php, line 808
Cake\Controller\Controller::render() /var/www/html/crud/vendor/cakephp/cakephp/src/Controller/Controller.php, line 773
Cake\Controller\Controller::invokeAction() /var/www/html/crud/vendor/cakephp/cakephp/src/Controller/Controller.php, line 556
Cake\Controller\ControllerFactory::handle() /var/www/html/crud/vendor/cakephp/cakephp/src/Controller/ControllerFactory.php, line 139
Cake\Controller\ControllerFactory::invoke() /var/www/html/crud/vendor/cakephp/cakephp/src/Controller/ControllerFactory.php, line 114
Cake\Http\BaseApplication::handle() /var/www/html/crud/vendor/cakephp/cakephp/src/Http/BaseApplication.php, line 320
Cake\Http\Runner::handle() /var/www/html/crud/vendor/cakephp/cakephp/src/Http/Runner.php, line 77
Cake\Http\Middleware\CsrfProtectionMiddleware::process() /var/www/html/crud/vendor/cakephp/cakephp/src/Http/Middleware/CsrfProtectionMiddleware.php, line 174
Cake\Http\Runner::handle() /var/www/html/crud/vendor/cakephp/cakephp/src/Http/Runner.php, line 73
Cake\Http\Middleware\BodyParserMiddleware::process() /var/www/html/crud/vendor/cakephp/cakephp/src/Http/Middleware/BodyParserMiddleware.php, line 157
Cake\Http\Runner::handle() /var/www/html/crud/vendor/cakephp/cakephp/src/Http/Runner.php, line 73
Cake\Routing\Middleware\RoutingMiddleware::process() /var/www/html/crud/vendor/cakephp/cakephp/src/Routing/Middleware/RoutingMiddleware.php, line 186
Cake\Http\Runner::handle() /var/www/html/crud/vendor/cakephp/cakephp/src/Http/Runner.php, line 73
Cake\Routing\Middleware\AssetMiddleware::process() /var/www/html/crud/vendor/cakephp/cakephp/src/Routing/Middleware/AssetMiddleware.php, line 68
Cake\Http\Runner::handle() /var/www/html/crud/vendor/cakephp/cakephp/src/Http/Runner.php, line 73
Cake\Error\Middleware\ErrorHandlerMiddleware::process() /var/www/html/crud/vendor/cakephp/cakephp/src/Error/Middleware/ErrorHandlerMiddleware.php, line 131
Cake\Http\Runner::handle() /var/www/html/crud/vendor/cakephp/cakephp/src/Http/Runner.php, line 73
DebugKit\Middleware\DebugKitMiddleware::process() /var/www/html/crud/vendor/cakephp/debug_kit/src/Middleware/DebugKitMiddleware.php, line 60
Cake\Http\Runner::handle() /var/www/html/crud/vendor/cakephp/cakephp/src/Http/Runner.php, line 73
Cake\Http\Runner::run() /var/www/html/crud/vendor/cakephp/cakephp/src/Http/Runner.php, line 58
Cake\Http\Server::run() /var/www/html/crud/vendor/cakephp/cakephp/src/Http/Server.php, line 90
[main] /var/www/html/crud/webroot/index.php, line 40

2023-01-11 04:52:51 notice: Uninitialized string offset: 0
Request URL: /users
Referer URL: http://localhost:8765/users/add
Client IP: 127.0.0.1
Trace:
Cake\Routing\Asset::url() /var/www/html/crud/vendor/cakephp/cakephp/src/Routing/Asset.php, line 159
Cake\Routing\Asset::imageUrl() /var/www/html/crud/vendor/cakephp/cakephp/src/Routing/Asset.php, line 68
Cake\View\Helper\UrlHelper::image() /var/www/html/crud/vendor/cakephp/cakephp/src/View/Helper/UrlHelper.php, line 141
Cake\View\Helper\HtmlHelper::image() /var/www/html/crud/vendor/cakephp/cakephp/src/View/Helper/HtmlHelper.php, line 657
include /var/www/html/crud/templates/Users/index.php, line 34
Cake\View\View::_evaluate() /var/www/html/crud/vendor/cakephp/cakephp/src/View/View.php, line 1220
Cake\View\View::_render() /var/www/html/crud/vendor/cakephp/cakephp/src/View/View.php, line 1177
Cake\View\View::render() /var/www/html/crud/vendor/cakephp/cakephp/src/View/View.php, line 808
Cake\Controller\Controller::render() /var/www/html/crud/vendor/cakephp/cakephp/src/Controller/Controller.php, line 773
Cake\Controller\Controller::invokeAction() /var/www/html/crud/vendor/cakephp/cakephp/src/Controller/Controller.php, line 556
Cake\Controller\ControllerFactory::handle() /var/www/html/crud/vendor/cakephp/cakephp/src/Controller/ControllerFactory.php, line 139
Cake\Controller\ControllerFactory::invoke() /var/www/html/crud/vendor/cakephp/cakephp/src/Controller/ControllerFactory.php, line 114
Cake\Http\BaseApplication::handle() /var/www/html/crud/vendor/cakephp/cakephp/src/Http/BaseApplication.php, line 320
Cake\Http\Runner::handle() /var/www/html/crud/vendor/cakephp/cakephp/src/Http/Runner.php, line 77
Cake\Http\Middleware\CsrfProtectionMiddleware::process() /var/www/html/crud/vendor/cakephp/cakephp/src/Http/Middleware/CsrfProtectionMiddleware.php, line 174
Cake\Http\Runner::handle() /var/www/html/crud/vendor/cakephp/cakephp/src/Http/Runner.php, line 73
Cake\Http\Middleware\BodyParserMiddleware::process() /var/www/html/crud/vendor/cakephp/cakephp/src/Http/Middleware/BodyParserMiddleware.php, line 157
Cake\Http\Runner::handle() /var/www/html/crud/vendor/cakephp/cakephp/src/Http/Runner.php, line 73
Cake\Routing\Middleware\RoutingMiddleware::process() /var/www/html/crud/vendor/cakephp/cakephp/src/Routing/Middleware/RoutingMiddleware.php, line 186
Cake\Http\Runner::handle() /var/www/html/crud/vendor/cakephp/cakephp/src/Http/Runner.php, line 73
Cake\Routing\Middleware\AssetMiddleware::process() /var/www/html/crud/vendor/cakephp/cakephp/src/Routing/Middleware/AssetMiddleware.php, line 68
Cake\Http\Runner::handle() /var/www/html/crud/vendor/cakephp/cakephp/src/Http/Runner.php, line 73
Cake\Error\Middleware\ErrorHandlerMiddleware::process() /var/www/html/crud/vendor/cakephp/cakephp/src/Error/Middleware/ErrorHandlerMiddleware.php, line 131
Cake\Http\Runner::handle() /var/www/html/crud/vendor/cakephp/cakephp/src/Http/Runner.php, line 73
DebugKit\Middleware\DebugKitMiddleware::process() /var/www/html/crud/vendor/cakephp/debug_kit/src/Middleware/DebugKitMiddleware.php, line 60
Cake\Http\Runner::handle() /var/www/html/crud/vendor/cakephp/cakephp/src/Http/Runner.php, line 73
Cake\Http\Runner::run() /var/www/html/crud/vendor/cakephp/cakephp/src/Http/Runner.php, line 58
Cake\Http\Server::run() /var/www/html/crud/vendor/cakephp/cakephp/src/Http/Server.php, line 90
[main] /var/www/html/crud/webroot/index.php, line 40

2023-01-11 04:53:17 notice: Uninitialized string offset: 0
Request URL: /users
Referer URL: http://localhost:8765/users
Client IP: 127.0.0.1
Trace:
Cake\Routing\Asset::url() /var/www/html/crud/vendor/cakephp/cakephp/src/Routing/Asset.php, line 159
Cake\Routing\Asset::imageUrl() /var/www/html/crud/vendor/cakephp/cakephp/src/Routing/Asset.php, line 68
Cake\View\Helper\UrlHelper::image() /var/www/html/crud/vendor/cakephp/cakephp/src/View/Helper/UrlHelper.php, line 141
Cake\View\Helper\HtmlHelper::image() /var/www/html/crud/vendor/cakephp/cakephp/src/View/Helper/HtmlHelper.php, line 657
include /var/www/html/crud/templates/Users/index.php, line 33
Cake\View\View::_evaluate() /var/www/html/crud/vendor/cakephp/cakephp/src/View/View.php, line 1220
Cake\View\View::_render() /var/www/html/crud/vendor/cakephp/cakephp/src/View/View.php, line 1177
Cake\View\View::render() /var/www/html/crud/vendor/cakephp/cakephp/src/View/View.php, line 808
Cake\Controller\Controller::render() /var/www/html/crud/vendor/cakephp/cakephp/src/Controller/Controller.php, line 773
Cake\Controller\Controller::invokeAction() /var/www/html/crud/vendor/cakephp/cakephp/src/Controller/Controller.php, line 556
Cake\Controller\ControllerFactory::handle() /var/www/html/crud/vendor/cakephp/cakephp/src/Controller/ControllerFactory.php, line 139
Cake\Controller\ControllerFactory::invoke() /var/www/html/crud/vendor/cakephp/cakephp/src/Controller/ControllerFactory.php, line 114
Cake\Http\BaseApplication::handle() /var/www/html/crud/vendor/cakephp/cakephp/src/Http/BaseApplication.php, line 320
Cake\Http\Runner::handle() /var/www/html/crud/vendor/cakephp/cakephp/src/Http/Runner.php, line 77
Cake\Http\Middleware\CsrfProtectionMiddleware::process() /var/www/html/crud/vendor/cakephp/cakephp/src/Http/Middleware/CsrfProtectionMiddleware.php, line 174
Cake\Http\Runner::handle() /var/www/html/crud/vendor/cakephp/cakephp/src/Http/Runner.php, line 73
Cake\Http\Middleware\BodyParserMiddleware::process() /var/www/html/crud/vendor/cakephp/cakephp/src/Http/Middleware/BodyParserMiddleware.php, line 157
Cake\Http\Runner::handle() /var/www/html/crud/vendor/cakephp/cakephp/src/Http/Runner.php, line 73
Cake\Routing\Middleware\RoutingMiddleware::process() /var/www/html/crud/vendor/cakephp/cakephp/src/Routing/Middleware/RoutingMiddleware.php, line 186
Cake\Http\Runner::handle() /var/www/html/crud/vendor/cakephp/cakephp/src/Http/Runner.php, line 73
Cake\Routing\Middleware\AssetMiddleware::process() /var/www/html/crud/vendor/cakephp/cakephp/src/Routing/Middleware/AssetMiddleware.php, line 68
Cake\Http\Runner::handle() /var/www/html/crud/vendor/cakephp/cakephp/src/Http/Runner.php, line 73
Cake\Error\Middleware\ErrorHandlerMiddleware::process() /var/www/html/crud/vendor/cakephp/cakephp/src/Error/Middleware/ErrorHandlerMiddleware.php, line 131
Cake\Http\Runner::handle() /var/www/html/crud/vendor/cakephp/cakephp/src/Http/Runner.php, line 73
DebugKit\Middleware\DebugKitMiddleware::process() /var/www/html/crud/vendor/cakephp/debug_kit/src/Middleware/DebugKitMiddleware.php, line 60
Cake\Http\Runner::handle() /var/www/html/crud/vendor/cakephp/cakephp/src/Http/Runner.php, line 73
Cake\Http\Runner::run() /var/www/html/crud/vendor/cakephp/cakephp/src/Http/Runner.php, line 58
Cake\Http\Server::run() /var/www/html/crud/vendor/cakephp/cakephp/src/Http/Server.php, line 90
[main] /var/www/html/crud/webroot/index.php, line 40

2023-01-11 04:53:17 notice: Uninitialized string offset: 0
Request URL: /users
Referer URL: http://localhost:8765/users
Client IP: 127.0.0.1
Trace:
Cake\Routing\Asset::url() /var/www/html/crud/vendor/cakephp/cakephp/src/Routing/Asset.php, line 159
Cake\Routing\Asset::imageUrl() /var/www/html/crud/vendor/cakephp/cakephp/src/Routing/Asset.php, line 68
Cake\View\Helper\UrlHelper::image() /var/www/html/crud/vendor/cakephp/cakephp/src/View/Helper/UrlHelper.php, line 141
Cake\View\Helper\HtmlHelper::image() /var/www/html/crud/vendor/cakephp/cakephp/src/View/Helper/HtmlHelper.php, line 657
include /var/www/html/crud/templates/Users/index.php, line 33
Cake\View\View::_evaluate() /var/www/html/crud/vendor/cakephp/cakephp/src/View/View.php, line 1220
Cake\View\View::_render() /var/www/html/crud/vendor/cakephp/cakephp/src/View/View.php, line 1177
Cake\View\View::render() /var/www/html/crud/vendor/cakephp/cakephp/src/View/View.php, line 808
Cake\Controller\Controller::render() /var/www/html/crud/vendor/cakephp/cakephp/src/Controller/Controller.php, line 773
Cake\Controller\Controller::invokeAction() /var/www/html/crud/vendor/cakephp/cakephp/src/Controller/Controller.php, line 556
Cake\Controller\ControllerFactory::handle() /var/www/html/crud/vendor/cakephp/cakephp/src/Controller/ControllerFactory.php, line 139
Cake\Controller\ControllerFactory::invoke() /var/www/html/crud/vendor/cakephp/cakephp/src/Controller/ControllerFactory.php, line 114
Cake\Http\BaseApplication::handle() /var/www/html/crud/vendor/cakephp/cakephp/src/Http/BaseApplication.php, line 320
Cake\Http\Runner::handle() /var/www/html/crud/vendor/cakephp/cakephp/src/Http/Runner.php, line 77
Cake\Http\Middleware\CsrfProtectionMiddleware::process() /var/www/html/crud/vendor/cakephp/cakephp/src/Http/Middleware/CsrfProtectionMiddleware.php, line 174
Cake\Http\Runner::handle() /var/www/html/crud/vendor/cakephp/cakephp/src/Http/Runner.php, line 73
Cake\Http\Middleware\BodyParserMiddleware::process() /var/www/html/crud/vendor/cakephp/cakephp/src/Http/Middleware/BodyParserMiddleware.php, line 157
Cake\Http\Runner::handle() /var/www/html/crud/vendor/cakephp/cakephp/src/Http/Runner.php, line 73
Cake\Routing\Middleware\RoutingMiddleware::process() /var/www/html/crud/vendor/cakephp/cakephp/src/Routing/Middleware/RoutingMiddleware.php, line 186
Cake\Http\Runner::handle() /var/www/html/crud/vendor/cakephp/cakephp/src/Http/Runner.php, line 73
Cake\Routing\Middleware\AssetMiddleware::process() /var/www/html/crud/vendor/cakephp/cakephp/src/Routing/Middleware/AssetMiddleware.php, line 68
Cake\Http\Runner::handle() /var/www/html/crud/vendor/cakephp/cakephp/src/Http/Runner.php, line 73
Cake\Error\Middleware\ErrorHandlerMiddleware::process() /var/www/html/crud/vendor/cakephp/cakephp/src/Error/Middleware/ErrorHandlerMiddleware.php, line 131
Cake\Http\Runner::handle() /var/www/html/crud/vendor/cakephp/cakephp/src/Http/Runner.php, line 73
DebugKit\Middleware\DebugKitMiddleware::process() /var/www/html/crud/vendor/cakephp/debug_kit/src/Middleware/DebugKitMiddleware.php, line 60
Cake\Http\Runner::handle() /var/www/html/crud/vendor/cakephp/cakephp/src/Http/Runner.php, line 73
Cake\Http\Runner::run() /var/www/html/crud/vendor/cakephp/cakephp/src/Http/Runner.php, line 58
Cake\Http\Server::run() /var/www/html/crud/vendor/cakephp/cakephp/src/Http/Server.php, line 90
[main] /var/www/html/crud/webroot/index.php, line 40

2023-01-11 04:53:17 notice: Uninitialized string offset: 0
Request URL: /users
Referer URL: http://localhost:8765/users
Client IP: 127.0.0.1
Trace:
Cake\Routing\Asset::url() /var/www/html/crud/vendor/cakephp/cakephp/src/Routing/Asset.php, line 159
Cake\Routing\Asset::imageUrl() /var/www/html/crud/vendor/cakephp/cakephp/src/Routing/Asset.php, line 68
Cake\View\Helper\UrlHelper::image() /var/www/html/crud/vendor/cakephp/cakephp/src/View/Helper/UrlHelper.php, line 141
Cake\View\Helper\HtmlHelper::image() /var/www/html/crud/vendor/cakephp/cakephp/src/View/Helper/HtmlHelper.php, line 657
include /var/www/html/crud/templates/Users/index.php, line 33
Cake\View\View::_evaluate() /var/www/html/crud/vendor/cakephp/cakephp/src/View/View.php, line 1220
Cake\View\View::_render() /var/www/html/crud/vendor/cakephp/cakephp/src/View/View.php, line 1177
Cake\View\View::render() /var/www/html/crud/vendor/cakephp/cakephp/src/View/View.php, line 808
Cake\Controller\Controller::render() /var/www/html/crud/vendor/cakephp/cakephp/src/Controller/Controller.php, line 773
Cake\Controller\Controller::invokeAction() /var/www/html/crud/vendor/cakephp/cakephp/src/Controller/Controller.php, line 556
Cake\Controller\ControllerFactory::handle() /var/www/html/crud/vendor/cakephp/cakephp/src/Controller/ControllerFactory.php, line 139
Cake\Controller\ControllerFactory::invoke() /var/www/html/crud/vendor/cakephp/cakephp/src/Controller/ControllerFactory.php, line 114
Cake\Http\BaseApplication::handle() /var/www/html/crud/vendor/cakephp/cakephp/src/Http/BaseApplication.php, line 320
Cake\Http\Runner::handle() /var/www/html/crud/vendor/cakephp/cakephp/src/Http/Runner.php, line 77
Cake\Http\Middleware\CsrfProtectionMiddleware::process() /var/www/html/crud/vendor/cakephp/cakephp/src/Http/Middleware/CsrfProtectionMiddleware.php, line 174
Cake\Http\Runner::handle() /var/www/html/crud/vendor/cakephp/cakephp/src/Http/Runner.php, line 73
Cake\Http\Middleware\BodyParserMiddleware::process() /var/www/html/crud/vendor/cakephp/cakephp/src/Http/Middleware/BodyParserMiddleware.php, line 157
Cake\Http\Runner::handle() /var/www/html/crud/vendor/cakephp/cakephp/src/Http/Runner.php, line 73
Cake\Routing\Middleware\RoutingMiddleware::process() /var/www/html/crud/vendor/cakephp/cakephp/src/Routing/Middleware/RoutingMiddleware.php, line 186
Cake\Http\Runner::handle() /var/www/html/crud/vendor/cakephp/cakephp/src/Http/Runner.php, line 73
Cake\Routing\Middleware\AssetMiddleware::process() /var/www/html/crud/vendor/cakephp/cakephp/src/Routing/Middleware/AssetMiddleware.php, line 68
Cake\Http\Runner::handle() /var/www/html/crud/vendor/cakephp/cakephp/src/Http/Runner.php, line 73
Cake\Error\Middleware\ErrorHandlerMiddleware::process() /var/www/html/crud/vendor/cakephp/cakephp/src/Error/Middleware/ErrorHandlerMiddleware.php, line 131
Cake\Http\Runner::handle() /var/www/html/crud/vendor/cakephp/cakephp/src/Http/Runner.php, line 73
DebugKit\Middleware\DebugKitMiddleware::process() /var/www/html/crud/vendor/cakephp/debug_kit/src/Middleware/DebugKitMiddleware.php, line 60
Cake\Http\Runner::handle() /var/www/html/crud/vendor/cakephp/cakephp/src/Http/Runner.php, line 73
Cake\Http\Runner::run() /var/www/html/crud/vendor/cakephp/cakephp/src/Http/Runner.php, line 58
Cake\Http\Server::run() /var/www/html/crud/vendor/cakephp/cakephp/src/Http/Server.php, line 90
[main] /var/www/html/crud/webroot/index.php, line 40

2023-01-11 04:53:17 notice: Uninitialized string offset: 0
Request URL: /users
Referer URL: http://localhost:8765/users
Client IP: 127.0.0.1
Trace:
Cake\Routing\Asset::url() /var/www/html/crud/vendor/cakephp/cakephp/src/Routing/Asset.php, line 159
Cake\Routing\Asset::imageUrl() /var/www/html/crud/vendor/cakephp/cakephp/src/Routing/Asset.php, line 68
Cake\View\Helper\UrlHelper::image() /var/www/html/crud/vendor/cakephp/cakephp/src/View/Helper/UrlHelper.php, line 141
Cake\View\Helper\HtmlHelper::image() /var/www/html/crud/vendor/cakephp/cakephp/src/View/Helper/HtmlHelper.php, line 657
include /var/www/html/crud/templates/Users/index.php, line 33
Cake\View\View::_evaluate() /var/www/html/crud/vendor/cakephp/cakephp/src/View/View.php, line 1220
Cake\View\View::_render() /var/www/html/crud/vendor/cakephp/cakephp/src/View/View.php, line 1177
Cake\View\View::render() /var/www/html/crud/vendor/cakephp/cakephp/src/View/View.php, line 808
Cake\Controller\Controller::render() /var/www/html/crud/vendor/cakephp/cakephp/src/Controller/Controller.php, line 773
Cake\Controller\Controller::invokeAction() /var/www/html/crud/vendor/cakephp/cakephp/src/Controller/Controller.php, line 556
Cake\Controller\ControllerFactory::handle() /var/www/html/crud/vendor/cakephp/cakephp/src/Controller/ControllerFactory.php, line 139
Cake\Controller\ControllerFactory::invoke() /var/www/html/crud/vendor/cakephp/cakephp/src/Controller/ControllerFactory.php, line 114
Cake\Http\BaseApplication::handle() /var/www/html/crud/vendor/cakephp/cakephp/src/Http/BaseApplication.php, line 320
Cake\Http\Runner::handle() /var/www/html/crud/vendor/cakephp/cakephp/src/Http/Runner.php, line 77
Cake\Http\Middleware\CsrfProtectionMiddleware::process() /var/www/html/crud/vendor/cakephp/cakephp/src/Http/Middleware/CsrfProtectionMiddleware.php, line 174
Cake\Http\Runner::handle() /var/www/html/crud/vendor/cakephp/cakephp/src/Http/Runner.php, line 73
Cake\Http\Middleware\BodyParserMiddleware::process() /var/www/html/crud/vendor/cakephp/cakephp/src/Http/Middleware/BodyParserMiddleware.php, line 157
Cake\Http\Runner::handle() /var/www/html/crud/vendor/cakephp/cakephp/src/Http/Runner.php, line 73
Cake\Routing\Middleware\RoutingMiddleware::process() /var/www/html/crud/vendor/cakephp/cakephp/src/Routing/Middleware/RoutingMiddleware.php, line 186
Cake\Http\Runner::handle() /var/www/html/crud/vendor/cakephp/cakephp/src/Http/Runner.php, line 73
Cake\Routing\Middleware\AssetMiddleware::process() /var/www/html/crud/vendor/cakephp/cakephp/src/Routing/Middleware/AssetMiddleware.php, line 68
Cake\Http\Runner::handle() /var/www/html/crud/vendor/cakephp/cakephp/src/Http/Runner.php, line 73
Cake\Error\Middleware\ErrorHandlerMiddleware::process() /var/www/html/crud/vendor/cakephp/cakephp/src/Error/Middleware/ErrorHandlerMiddleware.php, line 131
Cake\Http\Runner::handle() /var/www/html/crud/vendor/cakephp/cakephp/src/Http/Runner.php, line 73
DebugKit\Middleware\DebugKitMiddleware::process() /var/www/html/crud/vendor/cakephp/debug_kit/src/Middleware/DebugKitMiddleware.php, line 60
Cake\Http\Runner::handle() /var/www/html/crud/vendor/cakephp/cakephp/src/Http/Runner.php, line 73
Cake\Http\Runner::run() /var/www/html/crud/vendor/cakephp/cakephp/src/Http/Runner.php, line 58
Cake\Http\Server::run() /var/www/html/crud/vendor/cakephp/cakephp/src/Http/Server.php, line 90
[main] /var/www/html/crud/webroot/index.php, line 40

2023-01-11 11:20:45 notice: Undefined variable: session
Request URL: /users
Referer URL: http://localhost:8765/users/login
Client IP: 127.0.0.1
Trace:
include /var/www/html/crud2/templates/Users/index.php, line 8
Cake\View\View::_evaluate() /var/www/html/crud2/vendor/cakephp/cakephp/src/View/View.php, line 1220
Cake\View\View::_render() /var/www/html/crud2/vendor/cakephp/cakephp/src/View/View.php, line 1177
Cake\View\View::render() /var/www/html/crud2/vendor/cakephp/cakephp/src/View/View.php, line 808
Cake\Controller\Controller::render() /var/www/html/crud2/vendor/cakephp/cakephp/src/Controller/Controller.php, line 773
Cake\Controller\Controller::invokeAction() /var/www/html/crud2/vendor/cakephp/cakephp/src/Controller/Controller.php, line 556
Cake\Controller\ControllerFactory::handle() /var/www/html/crud2/vendor/cakephp/cakephp/src/Controller/ControllerFactory.php, line 139
Cake\Controller\ControllerFactory::invoke() /var/www/html/crud2/vendor/cakephp/cakephp/src/Controller/ControllerFactory.php, line 114
Cake\Http\BaseApplication::handle() /var/www/html/crud2/vendor/cakephp/cakephp/src/Http/BaseApplication.php, line 320
Cake\Http\Runner::handle() /var/www/html/crud2/vendor/cakephp/cakephp/src/Http/Runner.php, line 77
Cake\Http\Middleware\CsrfProtectionMiddleware::process() /var/www/html/crud2/vendor/cakephp/cakephp/src/Http/Middleware/CsrfProtectionMiddleware.php, line 174
Cake\Http\Runner::handle() /var/www/html/crud2/vendor/cakephp/cakephp/src/Http/Runner.php, line 73
Cake\Http\Middleware\BodyParserMiddleware::process() /var/www/html/crud2/vendor/cakephp/cakephp/src/Http/Middleware/BodyParserMiddleware.php, line 157
Cake\Http\Runner::handle() /var/www/html/crud2/vendor/cakephp/cakephp/src/Http/Runner.php, line 73
Cake\Routing\Middleware\RoutingMiddleware::process() /var/www/html/crud2/vendor/cakephp/cakephp/src/Routing/Middleware/RoutingMiddleware.php, line 186
Cake\Http\Runner::handle() /var/www/html/crud2/vendor/cakephp/cakephp/src/Http/Runner.php, line 73
Cake\Routing\Middleware\AssetMiddleware::process() /var/www/html/crud2/vendor/cakephp/cakephp/src/Routing/Middleware/AssetMiddleware.php, line 68
Cake\Http\Runner::handle() /var/www/html/crud2/vendor/cakephp/cakephp/src/Http/Runner.php, line 73
Cake\Error\Middleware\ErrorHandlerMiddleware::process() /var/www/html/crud2/vendor/cakephp/cakephp/src/Error/Middleware/ErrorHandlerMiddleware.php, line 131
Cake\Http\Runner::handle() /var/www/html/crud2/vendor/cakephp/cakephp/src/Http/Runner.php, line 73
DebugKit\Middleware\DebugKitMiddleware::process() /var/www/html/crud2/vendor/cakephp/debug_kit/src/Middleware/DebugKitMiddleware.php, line 60
Cake\Http\Runner::handle() /var/www/html/crud2/vendor/cakephp/cakephp/src/Http/Runner.php, line 73
Cake\Http\Runner::run() /var/www/html/crud2/vendor/cakephp/cakephp/src/Http/Runner.php, line 58
Cake\Http\Server::run() /var/www/html/crud2/vendor/cakephp/cakephp/src/Http/Server.php, line 90
[main] /var/www/html/crud2/webroot/index.php, line 40

2023-01-11 12:38:35 notice: A non well formed numeric value encountered
Request URL: /users/add
Referer URL: http://localhost:8765/users/add
Client IP: 127.0.0.1
Trace:
Cake\Validation\Validation::maxLengthBytes() /var/www/html/crud2/vendor/cakephp/cakephp/src/Validation/Validation.php, line 968
ReflectionMethod::invokeArgs() [internal], line ??
Cake\Validation\RulesProvider::__call() /var/www/html/crud2/vendor/cakephp/cakephp/src/Validation/RulesProvider.php, line 77
Cake\Validation\ValidationRule::process() /var/www/html/crud2/vendor/cakephp/cakephp/src/Validation/ValidationRule.php, line 143
Cake\Validation\Validator::_processRules() /var/www/html/crud2/vendor/cakephp/cakephp/src/Validation/Validator.php, line 2718
Cake\Validation\Validator::validate() /var/www/html/crud2/vendor/cakephp/cakephp/src/Validation/Validator.php, line 274
Cake\ORM\Marshaller::_validate() /var/www/html/crud2/vendor/cakephp/cakephp/src/ORM/Marshaller.php, line 275
Cake\ORM\Marshaller::merge() /var/www/html/crud2/vendor/cakephp/cakephp/src/ORM/Marshaller.php, line 563
Cake\ORM\Table::patchEntity() /var/www/html/crud2/vendor/cakephp/cakephp/src/ORM/Table.php, line 2886
App\Controller\UsersController::add() /var/www/html/crud2/src/Controller/UsersController.php, line 80
Cake\Controller\Controller::invokeAction() /var/www/html/crud2/vendor/cakephp/cakephp/src/Controller/Controller.php, line 547
Cake\Controller\ControllerFactory::handle() /var/www/html/crud2/vendor/cakephp/cakephp/src/Controller/ControllerFactory.php, line 139
Cake\Controller\ControllerFactory::invoke() /var/www/html/crud2/vendor/cakephp/cakephp/src/Controller/ControllerFactory.php, line 114
Cake\Http\BaseApplication::handle() /var/www/html/crud2/vendor/cakephp/cakephp/src/Http/BaseApplication.php, line 320
Cake\Http\Runner::handle() /var/www/html/crud2/vendor/cakephp/cakephp/src/Http/Runner.php, line 77
Cake\Http\Middleware\CsrfProtectionMiddleware::process() /var/www/html/crud2/vendor/cakephp/cakephp/src/Http/Middleware/CsrfProtectionMiddleware.php, line 174
Cake\Http\Runner::handle() /var/www/html/crud2/vendor/cakephp/cakephp/src/Http/Runner.php, line 73
Cake\Http\Middleware\BodyParserMiddleware::process() /var/www/html/crud2/vendor/cakephp/cakephp/src/Http/Middleware/BodyParserMiddleware.php, line 162
Cake\Http\Runner::handle() /var/www/html/crud2/vendor/cakephp/cakephp/src/Http/Runner.php, line 73
Cake\Routing\Middleware\RoutingMiddleware::process() /var/www/html/crud2/vendor/cakephp/cakephp/src/Routing/Middleware/RoutingMiddleware.php, line 186
Cake\Http\Runner::handle() /var/www/html/crud2/vendor/cakephp/cakephp/src/Http/Runner.php, line 73
Cake\Routing\Middleware\AssetMiddleware::process() /var/www/html/crud2/vendor/cakephp/cakephp/src/Routing/Middleware/AssetMiddleware.php, line 68
Cake\Http\Runner::handle() /var/www/html/crud2/vendor/cakephp/cakephp/src/Http/Runner.php, line 73
Cake\Error\Middleware\ErrorHandlerMiddleware::process() /var/www/html/crud2/vendor/cakephp/cakephp/src/Error/Middleware/ErrorHandlerMiddleware.php, line 131
Cake\Http\Runner::handle() /var/www/html/crud2/vendor/cakephp/cakephp/src/Http/Runner.php, line 73
DebugKit\Middleware\DebugKitMiddleware::process() /var/www/html/crud2/vendor/cakephp/debug_kit/src/Middleware/DebugKitMiddleware.php, line 60
Cake\Http\Runner::handle() /var/www/html/crud2/vendor/cakephp/cakephp/src/Http/Runner.php, line 73
Cake\Http\Runner::run() /var/www/html/crud2/vendor/cakephp/cakephp/src/Http/Runner.php, line 58
Cake\Http\Server::run() /var/www/html/crud2/vendor/cakephp/cakephp/src/Http/Server.php, line 90
[main] /var/www/html/crud2/webroot/index.php, line 40

